<?xml version="1.0" encoding="UTF-8"?>
<!-- Generated by org.testng.reporters.JUnitXMLReporter -->
<testsuite hostname="DESKTOP-4LMBHLU" ignored="0" name="testregistration" tests="2" failures="0" timestamp="19 Nov 2017 15:56:30 GMT" time="6.731" errors="0">
  <testcase name="testSuccessLoginLogout" time="2.583" classname="com.htc.test.RegisterAutomation"/>
  <testcase name="testSuccessLoginLogout" time="1.826" classname="com.htc.test.RegisterAutomation"/>
</testsuite> <!-- testregistration -->
