<?xml version="1.0" encoding="UTF-8"?>
<testng-results skipped="0" failed="0" ignored="0" total="4" passed="4">
  <reporter-output>
  </reporter-output>
  <suite name="Mavenspringmvc" duration-ms="12371" started-at="2017-11-19T15:56:17Z" finished-at="2017-11-19T15:56:29Z">
    <groups>
    </groups>
    <test name="testlogin" duration-ms="5574" started-at="2017-11-19T15:56:17Z" finished-at="2017-11-19T15:56:23Z">
      <class name="com.htc.test.LoginAutomation">
        <test-method status="PASS" signature="initializeDriver()[pri:0, instance:com.htc.test.LoginAutomation@3532ec19]" name="initializeDriver" is-config="true" duration-ms="2907" started-at="2017-11-19T21:26:17Z" finished-at="2017-11-19T21:26:20Z">
          <reporter-output>
          </reporter-output>
        </test-method> <!-- initializeDriver -->
        <test-method status="PASS" signature="testSuccessLoginLogout(java.lang.String, java.lang.String)[pri:0, instance:com.htc.test.LoginAutomation@3532ec19]" name="testSuccessLoginLogout" duration-ms="1573" started-at="2017-11-19T21:26:20Z" data-provider="validLoginData" finished-at="2017-11-19T21:26:22Z">
          <params>
            <param index="0">
              <value>
                <![CDATA[sayooj]]>
              </value>
            </param>
            <param index="1">
              <value>
                <![CDATA[123Welcome]]>
              </value>
            </param>
          </params>
          <reporter-output>
          </reporter-output>
        </test-method> <!-- testSuccessLoginLogout -->
        <test-method status="PASS" signature="testSuccessLoginLogout(java.lang.String, java.lang.String)[pri:0, instance:com.htc.test.LoginAutomation@3532ec19]" name="testSuccessLoginLogout" duration-ms="657" started-at="2017-11-19T21:26:22Z" data-provider="validLoginData" finished-at="2017-11-19T21:26:22Z">
          <params>
            <param index="0">
              <value>
                <![CDATA[Gopi]]>
              </value>
            </param>
            <param index="1">
              <value>
                <![CDATA[password]]>
              </value>
            </param>
          </params>
          <reporter-output>
          </reporter-output>
        </test-method> <!-- testSuccessLoginLogout -->
        <test-method status="PASS" signature="closedriver()[pri:0, instance:com.htc.test.LoginAutomation@3532ec19]" name="closedriver" is-config="true" duration-ms="407" started-at="2017-11-19T21:26:22Z" finished-at="2017-11-19T21:26:23Z">
          <reporter-output>
          </reporter-output>
        </test-method> <!-- closedriver -->
      </class> <!-- com.htc.test.LoginAutomation -->
    </test> <!-- testlogin -->
    <test name="testregistration" duration-ms="6731" started-at="2017-11-19T15:56:23Z" finished-at="2017-11-19T15:56:29Z">
      <class name="com.htc.test.RegisterAutomation">
        <test-method status="PASS" signature="initializeDriver()[pri:0, instance:com.htc.test.RegisterAutomation@1a968a59]" name="initializeDriver" is-config="true" duration-ms="2196" started-at="2017-11-19T21:26:23Z" finished-at="2017-11-19T21:26:25Z">
          <reporter-output>
          </reporter-output>
        </test-method> <!-- initializeDriver -->
        <test-method status="PASS" signature="testSuccessLoginLogout(java.lang.String, java.lang.String, java.lang.String, java.lang.String, java.lang.String, java.lang.String, int)[pri:0, instance:com.htc.test.RegisterAutomation@1a968a59]" name="testSuccessLoginLogout" duration-ms="2583" started-at="2017-11-19T21:26:25Z" data-provider="registeruser" finished-at="2017-11-19T21:26:28Z">
          <params>
            <param index="0">
              <value>
                <![CDATA[jithu]]>
              </value>
            </param>
            <param index="1">
              <value>
                <![CDATA[123Welcome]]>
              </value>
            </param>
            <param index="2">
              <value>
                <![CDATA[jithu]]>
              </value>
            </param>
            <param index="3">
              <value>
                <![CDATA[raj]]>
              </value>
            </param>
            <param index="4">
              <value>
                <![CDATA[jithu666@gmail.com]]>
              </value>
            </param>
            <param index="5">
              <value>
                <![CDATA[ddsa]]>
              </value>
            </param>
            <param index="6">
              <value>
                <![CDATA[989509316]]>
              </value>
            </param>
          </params>
          <reporter-output>
          </reporter-output>
        </test-method> <!-- testSuccessLoginLogout -->
        <test-method status="PASS" signature="testSuccessLoginLogout(java.lang.String, java.lang.String, java.lang.String, java.lang.String, java.lang.String, java.lang.String, int)[pri:0, instance:com.htc.test.RegisterAutomation@1a968a59]" name="testSuccessLoginLogout" duration-ms="1826" started-at="2017-11-19T21:26:28Z" data-provider="registeruser" finished-at="2017-11-19T21:26:29Z">
          <params>
            <param index="0">
              <value>
                <![CDATA[sachin]]>
              </value>
            </param>
            <param index="1">
              <value>
                <![CDATA[password]]>
              </value>
            </param>
            <param index="2">
              <value>
                <![CDATA[Sachin]]>
              </value>
            </param>
            <param index="3">
              <value>
                <![CDATA[HH]]>
              </value>
            </param>
            <param index="4">
              <value>
                <![CDATA[sachin77@gmail.com]]>
              </value>
            </param>
            <param index="5">
              <value>
                <![CDATA[dsadd]]>
              </value>
            </param>
            <param index="6">
              <value>
                <![CDATA[898877697]]>
              </value>
            </param>
          </params>
          <reporter-output>
          </reporter-output>
        </test-method> <!-- testSuccessLoginLogout -->
        <test-method status="PASS" signature="closedriver()[pri:0, instance:com.htc.test.RegisterAutomation@1a968a59]" name="closedriver" is-config="true" duration-ms="121" started-at="2017-11-19T21:26:29Z" finished-at="2017-11-19T21:26:29Z">
          <reporter-output>
          </reporter-output>
        </test-method> <!-- closedriver -->
      </class> <!-- com.htc.test.RegisterAutomation -->
    </test> <!-- testregistration -->
  </suite> <!-- Mavenspringmvc -->
</testng-results>
